[2017-02-02T16:05:34,837][INFO ][o.e.n.Node               ] [] initializing ...
[2017-02-02T16:05:34,945][INFO ][o.e.e.NodeEnvironment    ] [auIaayq] using [1] data paths, mounts [[/ (/dev/disk1)]], net usable_space [97.6gb], net total_space [232.6gb], spins? [unknown], types [hfs]
[2017-02-02T16:05:34,946][INFO ][o.e.e.NodeEnvironment    ] [auIaayq] heap size [1.9gb], compressed ordinary object pointers [true]
[2017-02-02T16:05:34,947][INFO ][o.e.n.Node               ] node name [auIaayq] derived from node ID [auIaayqLTaGKL8V_nq5Ubw]; set [node.name] to override
[2017-02-02T16:05:34,953][INFO ][o.e.n.Node               ] version[5.2.0], pid[2365], build[24e05b9/2017-01-24T19:52:35.800Z], OS[Mac OS X/10.11.6/x86_64], JVM[Oracle Corporation/Java HotSpot(TM) 64-Bit Server VM/1.8.0_101/25.101-b13]
[2017-02-02T16:05:38,510][INFO ][o.e.p.PluginsService     ] [auIaayq] loaded module [aggs-matrix-stats]
[2017-02-02T16:05:38,510][INFO ][o.e.p.PluginsService     ] [auIaayq] loaded module [ingest-common]
[2017-02-02T16:05:38,511][INFO ][o.e.p.PluginsService     ] [auIaayq] loaded module [lang-expression]
[2017-02-02T16:05:38,511][INFO ][o.e.p.PluginsService     ] [auIaayq] loaded module [lang-groovy]
[2017-02-02T16:05:38,511][INFO ][o.e.p.PluginsService     ] [auIaayq] loaded module [lang-mustache]
[2017-02-02T16:05:38,511][INFO ][o.e.p.PluginsService     ] [auIaayq] loaded module [lang-painless]
[2017-02-02T16:05:38,511][INFO ][o.e.p.PluginsService     ] [auIaayq] loaded module [percolator]
[2017-02-02T16:05:38,512][INFO ][o.e.p.PluginsService     ] [auIaayq] loaded module [reindex]
[2017-02-02T16:05:38,512][INFO ][o.e.p.PluginsService     ] [auIaayq] loaded module [transport-netty3]
[2017-02-02T16:05:38,512][INFO ][o.e.p.PluginsService     ] [auIaayq] loaded module [transport-netty4]
[2017-02-02T16:05:38,512][INFO ][o.e.p.PluginsService     ] [auIaayq] no plugins loaded
[2017-02-02T16:05:41,394][INFO ][o.e.n.Node               ] initialized
[2017-02-02T16:05:41,395][INFO ][o.e.n.Node               ] [auIaayq] starting ...
[2017-02-02T16:05:41,695][INFO ][o.e.t.TransportService   ] [auIaayq] publish_address {127.0.0.1:9300}, bound_addresses {[fe80::1]:9300}, {[::1]:9300}, {127.0.0.1:9300}
[2017-02-02T16:05:44,787][INFO ][o.e.c.s.ClusterService   ] [auIaayq] new_master {auIaayq}{auIaayqLTaGKL8V_nq5Ubw}{-zGCiqXHQWaDthLBzpbQAA}{127.0.0.1}{127.0.0.1:9300}, reason: zen-disco-elected-as-master ([0] nodes joined)
[2017-02-02T16:05:44,812][INFO ][o.e.h.HttpServer         ] [auIaayq] publish_address {127.0.0.1:9200}, bound_addresses {[fe80::1]:9200}, {[::1]:9200}, {127.0.0.1:9200}
[2017-02-02T16:05:44,812][INFO ][o.e.n.Node               ] [auIaayq] started
[2017-02-02T16:05:44,819][INFO ][o.e.g.GatewayService     ] [auIaayq] recovered [0] indices into cluster_state
[2017-02-02T16:06:07,355][INFO ][o.e.c.m.MetaDataCreateIndexService] [auIaayq] [randomindex] creating index, cause [api], templates [], shards [5]/[1], mappings []
[2017-02-02T16:06:07,676][DEBUG][o.e.a.a.i.m.p.TransportPutMappingAction] [auIaayq] failed to put mappings on indices [[[randomindex/PsjegLGeRaWEZ1vwP1Ig9A]]], type [document]
org.elasticsearch.index.mapper.MapperParsingException: Mapping definition for [suggest] has unsupported parameters:  [payloads : true]
	at org.elasticsearch.index.mapper.DocumentMapperParser.checkNoRemainingFields(DocumentMapperParser.java:151) ~[elasticsearch-5.2.0.jar:5.2.0]
	at org.elasticsearch.index.mapper.DocumentMapperParser.checkNoRemainingFields(DocumentMapperParser.java:145) ~[elasticsearch-5.2.0.jar:5.2.0]
	at org.elasticsearch.index.mapper.ObjectMapper$TypeParser.parseProperties(ObjectMapper.java:289) ~[elasticsearch-5.2.0.jar:5.2.0]
	at org.elasticsearch.index.mapper.ObjectMapper$TypeParser.parseObjectOrDocumentTypeProperties(ObjectMapper.java:203) ~[elasticsearch-5.2.0.jar:5.2.0]
	at org.elasticsearch.index.mapper.RootObjectMapper$TypeParser.parse(RootObjectMapper.java:102) ~[elasticsearch-5.2.0.jar:5.2.0]
	at org.elasticsearch.index.mapper.DocumentMapperParser.parse(DocumentMapperParser.java:111) ~[elasticsearch-5.2.0.jar:5.2.0]
	at org.elasticsearch.index.mapper.DocumentMapperParser.parse(DocumentMapperParser.java:91) ~[elasticsearch-5.2.0.jar:5.2.0]
	at org.elasticsearch.index.mapper.MapperService.parse(MapperService.java:602) ~[elasticsearch-5.2.0.jar:5.2.0]
	at org.elasticsearch.cluster.metadata.MetaDataMappingService$PutMappingExecutor.applyRequest(MetaDataMappingService.java:264) ~[elasticsearch-5.2.0.jar:5.2.0]
	at org.elasticsearch.cluster.metadata.MetaDataMappingService$PutMappingExecutor.execute(MetaDataMappingService.java:230) ~[elasticsearch-5.2.0.jar:5.2.0]
	at org.elasticsearch.cluster.service.ClusterService.executeTasks(ClusterService.java:674) ~[elasticsearch-5.2.0.jar:5.2.0]
	at org.elasticsearch.cluster.service.ClusterService.calculateTaskOutputs(ClusterService.java:653) ~[elasticsearch-5.2.0.jar:5.2.0]
	at org.elasticsearch.cluster.service.ClusterService.runTasks(ClusterService.java:612) [elasticsearch-5.2.0.jar:5.2.0]
	at org.elasticsearch.cluster.service.ClusterService$UpdateTask.run(ClusterService.java:1112) [elasticsearch-5.2.0.jar:5.2.0]
	at org.elasticsearch.common.util.concurrent.ThreadContext$ContextPreservingRunnable.run(ThreadContext.java:527) [elasticsearch-5.2.0.jar:5.2.0]
	at org.elasticsearch.common.util.concurrent.PrioritizedEsThreadPoolExecutor$TieBreakingPrioritizedRunnable.runAndClean(PrioritizedEsThreadPoolExecutor.java:238) [elasticsearch-5.2.0.jar:5.2.0]
	at org.elasticsearch.common.util.concurrent.PrioritizedEsThreadPoolExecutor$TieBreakingPrioritizedRunnable.run(PrioritizedEsThreadPoolExecutor.java:201) [elasticsearch-5.2.0.jar:5.2.0]
	at java.util.concurrent.ThreadPoolExecutor.runWorker(ThreadPoolExecutor.java:1142) [?:1.8.0_101]
	at java.util.concurrent.ThreadPoolExecutor$Worker.run(ThreadPoolExecutor.java:617) [?:1.8.0_101]
	at java.lang.Thread.run(Thread.java:745) [?:1.8.0_101]
[2017-02-02T16:17:58,152][INFO ][o.e.c.m.MetaDataDeleteIndexService] [auIaayq] [randomindex/PsjegLGeRaWEZ1vwP1Ig9A] deleting index
[2017-02-02T16:17:58,215][INFO ][o.e.c.m.MetaDataCreateIndexService] [auIaayq] [randomindex] creating index, cause [api], templates [], shards [5]/[1], mappings []
[2017-02-02T16:17:58,284][DEBUG][o.e.a.a.i.m.p.TransportPutMappingAction] [auIaayq] failed to put mappings on indices [[[randomindex/H1mrSz7VR-SKvtEW4dWcCQ]]], type [document]
org.elasticsearch.index.mapper.MapperParsingException: Mapping definition for [suggest] has unsupported parameters:  [payloads : true]
	at org.elasticsearch.index.mapper.DocumentMapperParser.checkNoRemainingFields(DocumentMapperParser.java:151) ~[elasticsearch-5.2.0.jar:5.2.0]
	at org.elasticsearch.index.mapper.DocumentMapperParser.checkNoRemainingFields(DocumentMapperParser.java:145) ~[elasticsearch-5.2.0.jar:5.2.0]
	at org.elasticsearch.index.mapper.ObjectMapper$TypeParser.parseProperties(ObjectMapper.java:289) ~[elasticsearch-5.2.0.jar:5.2.0]
	at org.elasticsearch.index.mapper.ObjectMapper$TypeParser.parseObjectOrDocumentTypeProperties(ObjectMapper.java:203) ~[elasticsearch-5.2.0.jar:5.2.0]
	at org.elasticsearch.index.mapper.RootObjectMapper$TypeParser.parse(RootObjectMapper.java:102) ~[elasticsearch-5.2.0.jar:5.2.0]
	at org.elasticsearch.index.mapper.DocumentMapperParser.parse(DocumentMapperParser.java:111) ~[elasticsearch-5.2.0.jar:5.2.0]
	at org.elasticsearch.index.mapper.DocumentMapperParser.parse(DocumentMapperParser.java:91) ~[elasticsearch-5.2.0.jar:5.2.0]
	at org.elasticsearch.index.mapper.MapperService.parse(MapperService.java:602) ~[elasticsearch-5.2.0.jar:5.2.0]
	at org.elasticsearch.cluster.metadata.MetaDataMappingService$PutMappingExecutor.applyRequest(MetaDataMappingService.java:264) ~[elasticsearch-5.2.0.jar:5.2.0]
	at org.elasticsearch.cluster.metadata.MetaDataMappingService$PutMappingExecutor.execute(MetaDataMappingService.java:230) ~[elasticsearch-5.2.0.jar:5.2.0]
	at org.elasticsearch.cluster.service.ClusterService.executeTasks(ClusterService.java:674) ~[elasticsearch-5.2.0.jar:5.2.0]
	at org.elasticsearch.cluster.service.ClusterService.calculateTaskOutputs(ClusterService.java:653) ~[elasticsearch-5.2.0.jar:5.2.0]
	at org.elasticsearch.cluster.service.ClusterService.runTasks(ClusterService.java:612) [elasticsearch-5.2.0.jar:5.2.0]
	at org.elasticsearch.cluster.service.ClusterService$UpdateTask.run(ClusterService.java:1112) [elasticsearch-5.2.0.jar:5.2.0]
	at org.elasticsearch.common.util.concurrent.ThreadContext$ContextPreservingRunnable.run(ThreadContext.java:527) [elasticsearch-5.2.0.jar:5.2.0]
	at org.elasticsearch.common.util.concurrent.PrioritizedEsThreadPoolExecutor$TieBreakingPrioritizedRunnable.runAndClean(PrioritizedEsThreadPoolExecutor.java:238) [elasticsearch-5.2.0.jar:5.2.0]
	at org.elasticsearch.common.util.concurrent.PrioritizedEsThreadPoolExecutor$TieBreakingPrioritizedRunnable.run(PrioritizedEsThreadPoolExecutor.java:201) [elasticsearch-5.2.0.jar:5.2.0]
	at java.util.concurrent.ThreadPoolExecutor.runWorker(ThreadPoolExecutor.java:1142) [?:1.8.0_101]
	at java.util.concurrent.ThreadPoolExecutor$Worker.run(ThreadPoolExecutor.java:617) [?:1.8.0_101]
	at java.lang.Thread.run(Thread.java:745) [?:1.8.0_101]
[2017-02-02T16:20:00,795][INFO ][o.e.c.m.MetaDataDeleteIndexService] [auIaayq] [randomindex/H1mrSz7VR-SKvtEW4dWcCQ] deleting index
[2017-02-02T16:20:00,840][INFO ][o.e.c.m.MetaDataCreateIndexService] [auIaayq] [randomindex] creating index, cause [api], templates [], shards [5]/[1], mappings []
[2017-02-02T16:20:00,922][DEBUG][o.e.a.a.i.m.p.TransportPutMappingAction] [auIaayq] failed to put mappings on indices [[[randomindex/TJivEwoqRpCKKyuYEX-ZYA]]], type [document]
org.elasticsearch.index.mapper.MapperParsingException: Mapping definition for [suggest] has unsupported parameters:  [payloads : true]
	at org.elasticsearch.index.mapper.DocumentMapperParser.checkNoRemainingFields(DocumentMapperParser.java:151) ~[elasticsearch-5.2.0.jar:5.2.0]
	at org.elasticsearch.index.mapper.DocumentMapperParser.checkNoRemainingFields(DocumentMapperParser.java:145) ~[elasticsearch-5.2.0.jar:5.2.0]
	at org.elasticsearch.index.mapper.ObjectMapper$TypeParser.parseProperties(ObjectMapper.java:289) ~[elasticsearch-5.2.0.jar:5.2.0]
	at org.elasticsearch.index.mapper.ObjectMapper$TypeParser.parseObjectOrDocumentTypeProperties(ObjectMapper.java:203) ~[elasticsearch-5.2.0.jar:5.2.0]
	at org.elasticsearch.index.mapper.RootObjectMapper$TypeParser.parse(RootObjectMapper.java:102) ~[elasticsearch-5.2.0.jar:5.2.0]
	at org.elasticsearch.index.mapper.DocumentMapperParser.parse(DocumentMapperParser.java:111) ~[elasticsearch-5.2.0.jar:5.2.0]
	at org.elasticsearch.index.mapper.DocumentMapperParser.parse(DocumentMapperParser.java:91) ~[elasticsearch-5.2.0.jar:5.2.0]
	at org.elasticsearch.index.mapper.MapperService.parse(MapperService.java:602) ~[elasticsearch-5.2.0.jar:5.2.0]
	at org.elasticsearch.cluster.metadata.MetaDataMappingService$PutMappingExecutor.applyRequest(MetaDataMappingService.java:264) ~[elasticsearch-5.2.0.jar:5.2.0]
	at org.elasticsearch.cluster.metadata.MetaDataMappingService$PutMappingExecutor.execute(MetaDataMappingService.java:230) ~[elasticsearch-5.2.0.jar:5.2.0]
	at org.elasticsearch.cluster.service.ClusterService.executeTasks(ClusterService.java:674) ~[elasticsearch-5.2.0.jar:5.2.0]
	at org.elasticsearch.cluster.service.ClusterService.calculateTaskOutputs(ClusterService.java:653) ~[elasticsearch-5.2.0.jar:5.2.0]
	at org.elasticsearch.cluster.service.ClusterService.runTasks(ClusterService.java:612) [elasticsearch-5.2.0.jar:5.2.0]
	at org.elasticsearch.cluster.service.ClusterService$UpdateTask.run(ClusterService.java:1112) [elasticsearch-5.2.0.jar:5.2.0]
	at org.elasticsearch.common.util.concurrent.ThreadContext$ContextPreservingRunnable.run(ThreadContext.java:527) [elasticsearch-5.2.0.jar:5.2.0]
	at org.elasticsearch.common.util.concurrent.PrioritizedEsThreadPoolExecutor$TieBreakingPrioritizedRunnable.runAndClean(PrioritizedEsThreadPoolExecutor.java:238) [elasticsearch-5.2.0.jar:5.2.0]
	at org.elasticsearch.common.util.concurrent.PrioritizedEsThreadPoolExecutor$TieBreakingPrioritizedRunnable.run(PrioritizedEsThreadPoolExecutor.java:201) [elasticsearch-5.2.0.jar:5.2.0]
	at java.util.concurrent.ThreadPoolExecutor.runWorker(ThreadPoolExecutor.java:1142) [?:1.8.0_101]
	at java.util.concurrent.ThreadPoolExecutor$Worker.run(ThreadPoolExecutor.java:617) [?:1.8.0_101]
	at java.lang.Thread.run(Thread.java:745) [?:1.8.0_101]
[2017-02-02T16:28:12,090][INFO ][o.e.c.m.MetaDataDeleteIndexService] [auIaayq] [randomindex/TJivEwoqRpCKKyuYEX-ZYA] deleting index
[2017-02-02T16:28:12,127][INFO ][o.e.c.m.MetaDataCreateIndexService] [auIaayq] [randomindex] creating index, cause [api], templates [], shards [5]/[1], mappings []
[2017-02-02T16:28:12,186][DEBUG][o.e.a.a.i.m.p.TransportPutMappingAction] [auIaayq] failed to put mappings on indices [[[randomindex/mO3dnd72QlKbUkNezbh4qg]]], type [document]
org.elasticsearch.index.mapper.MapperParsingException: Mapping definition for [suggest] has unsupported parameters:  [payloads : true]
	at org.elasticsearch.index.mapper.DocumentMapperParser.checkNoRemainingFields(DocumentMapperParser.java:151) ~[elasticsearch-5.2.0.jar:5.2.0]
	at org.elasticsearch.index.mapper.DocumentMapperParser.checkNoRemainingFields(DocumentMapperParser.java:145) ~[elasticsearch-5.2.0.jar:5.2.0]
	at org.elasticsearch.index.mapper.ObjectMapper$TypeParser.parseProperties(ObjectMapper.java:289) ~[elasticsearch-5.2.0.jar:5.2.0]
	at org.elasticsearch.index.mapper.ObjectMapper$TypeParser.parseObjectOrDocumentTypeProperties(ObjectMapper.java:203) ~[elasticsearch-5.2.0.jar:5.2.0]
	at org.elasticsearch.index.mapper.RootObjectMapper$TypeParser.parse(RootObjectMapper.java:102) ~[elasticsearch-5.2.0.jar:5.2.0]
	at org.elasticsearch.index.mapper.DocumentMapperParser.parse(DocumentMapperParser.java:111) ~[elasticsearch-5.2.0.jar:5.2.0]
	at org.elasticsearch.index.mapper.DocumentMapperParser.parse(DocumentMapperParser.java:91) ~[elasticsearch-5.2.0.jar:5.2.0]
	at org.elasticsearch.index.mapper.MapperService.parse(MapperService.java:602) ~[elasticsearch-5.2.0.jar:5.2.0]
	at org.elasticsearch.cluster.metadata.MetaDataMappingService$PutMappingExecutor.applyRequest(MetaDataMappingService.java:264) ~[elasticsearch-5.2.0.jar:5.2.0]
	at org.elasticsearch.cluster.metadata.MetaDataMappingService$PutMappingExecutor.execute(MetaDataMappingService.java:230) ~[elasticsearch-5.2.0.jar:5.2.0]
	at org.elasticsearch.cluster.service.ClusterService.executeTasks(ClusterService.java:674) ~[elasticsearch-5.2.0.jar:5.2.0]
	at org.elasticsearch.cluster.service.ClusterService.calculateTaskOutputs(ClusterService.java:653) ~[elasticsearch-5.2.0.jar:5.2.0]
	at org.elasticsearch.cluster.service.ClusterService.runTasks(ClusterService.java:612) [elasticsearch-5.2.0.jar:5.2.0]
	at org.elasticsearch.cluster.service.ClusterService$UpdateTask.run(ClusterService.java:1112) [elasticsearch-5.2.0.jar:5.2.0]
	at org.elasticsearch.common.util.concurrent.ThreadContext$ContextPreservingRunnable.run(ThreadContext.java:527) [elasticsearch-5.2.0.jar:5.2.0]
	at org.elasticsearch.common.util.concurrent.PrioritizedEsThreadPoolExecutor$TieBreakingPrioritizedRunnable.runAndClean(PrioritizedEsThreadPoolExecutor.java:238) [elasticsearch-5.2.0.jar:5.2.0]
	at org.elasticsearch.common.util.concurrent.PrioritizedEsThreadPoolExecutor$TieBreakingPrioritizedRunnable.run(PrioritizedEsThreadPoolExecutor.java:201) [elasticsearch-5.2.0.jar:5.2.0]
	at java.util.concurrent.ThreadPoolExecutor.runWorker(ThreadPoolExecutor.java:1142) [?:1.8.0_101]
	at java.util.concurrent.ThreadPoolExecutor$Worker.run(ThreadPoolExecutor.java:617) [?:1.8.0_101]
	at java.lang.Thread.run(Thread.java:745) [?:1.8.0_101]
[2017-02-02T16:30:19,160][INFO ][o.e.c.m.MetaDataDeleteIndexService] [auIaayq] [randomindex/mO3dnd72QlKbUkNezbh4qg] deleting index
[2017-02-02T16:30:19,204][INFO ][o.e.c.m.MetaDataCreateIndexService] [auIaayq] [randomindex] creating index, cause [api], templates [], shards [5]/[1], mappings []
[2017-02-02T16:30:19,272][DEBUG][o.e.a.a.i.m.p.TransportPutMappingAction] [auIaayq] failed to put mappings on indices [[[randomindex/Xm62NiGNTwODLPbL44cGkQ]]], type [document]
org.elasticsearch.index.mapper.MapperParsingException: Mapping definition for [suggest] has unsupported parameters:  [payloads : true]
	at org.elasticsearch.index.mapper.DocumentMapperParser.checkNoRemainingFields(DocumentMapperParser.java:151) ~[elasticsearch-5.2.0.jar:5.2.0]
	at org.elasticsearch.index.mapper.DocumentMapperParser.checkNoRemainingFields(DocumentMapperParser.java:145) ~[elasticsearch-5.2.0.jar:5.2.0]
	at org.elasticsearch.index.mapper.ObjectMapper$TypeParser.parseProperties(ObjectMapper.java:289) ~[elasticsearch-5.2.0.jar:5.2.0]
	at org.elasticsearch.index.mapper.ObjectMapper$TypeParser.parseObjectOrDocumentTypeProperties(ObjectMapper.java:203) ~[elasticsearch-5.2.0.jar:5.2.0]
	at org.elasticsearch.index.mapper.RootObjectMapper$TypeParser.parse(RootObjectMapper.java:102) ~[elasticsearch-5.2.0.jar:5.2.0]
	at org.elasticsearch.index.mapper.DocumentMapperParser.parse(DocumentMapperParser.java:111) ~[elasticsearch-5.2.0.jar:5.2.0]
	at org.elasticsearch.index.mapper.DocumentMapperParser.parse(DocumentMapperParser.java:91) ~[elasticsearch-5.2.0.jar:5.2.0]
	at org.elasticsearch.index.mapper.MapperService.parse(MapperService.java:602) ~[elasticsearch-5.2.0.jar:5.2.0]
	at org.elasticsearch.cluster.metadata.MetaDataMappingService$PutMappingExecutor.applyRequest(MetaDataMappingService.java:264) ~[elasticsearch-5.2.0.jar:5.2.0]
	at org.elasticsearch.cluster.metadata.MetaDataMappingService$PutMappingExecutor.execute(MetaDataMappingService.java:230) ~[elasticsearch-5.2.0.jar:5.2.0]
	at org.elasticsearch.cluster.service.ClusterService.executeTasks(ClusterService.java:674) ~[elasticsearch-5.2.0.jar:5.2.0]
	at org.elasticsearch.cluster.service.ClusterService.calculateTaskOutputs(ClusterService.java:653) ~[elasticsearch-5.2.0.jar:5.2.0]
	at org.elasticsearch.cluster.service.ClusterService.runTasks(ClusterService.java:612) [elasticsearch-5.2.0.jar:5.2.0]
	at org.elasticsearch.cluster.service.ClusterService$UpdateTask.run(ClusterService.java:1112) [elasticsearch-5.2.0.jar:5.2.0]
	at org.elasticsearch.common.util.concurrent.ThreadContext$ContextPreservingRunnable.run(ThreadContext.java:527) [elasticsearch-5.2.0.jar:5.2.0]
	at org.elasticsearch.common.util.concurrent.PrioritizedEsThreadPoolExecutor$TieBreakingPrioritizedRunnable.runAndClean(PrioritizedEsThreadPoolExecutor.java:238) [elasticsearch-5.2.0.jar:5.2.0]
	at org.elasticsearch.common.util.concurrent.PrioritizedEsThreadPoolExecutor$TieBreakingPrioritizedRunnable.run(PrioritizedEsThreadPoolExecutor.java:201) [elasticsearch-5.2.0.jar:5.2.0]
	at java.util.concurrent.ThreadPoolExecutor.runWorker(ThreadPoolExecutor.java:1142) [?:1.8.0_101]
	at java.util.concurrent.ThreadPoolExecutor$Worker.run(ThreadPoolExecutor.java:617) [?:1.8.0_101]
	at java.lang.Thread.run(Thread.java:745) [?:1.8.0_101]
[2017-02-02T16:31:48,858][INFO ][o.e.n.Node               ] [auIaayq] stopping ...
[2017-02-02T16:31:48,881][INFO ][o.e.n.Node               ] [auIaayq] stopped
[2017-02-02T16:31:48,881][INFO ][o.e.n.Node               ] [auIaayq] closing ...
[2017-02-02T16:31:48,890][INFO ][o.e.n.Node               ] [auIaayq] closed
[2017-02-02T16:31:52,934][INFO ][o.e.n.Node               ] [] initializing ...
[2017-02-02T16:31:53,016][INFO ][o.e.e.NodeEnvironment    ] [auIaayq] using [1] data paths, mounts [[/ (/dev/disk1)]], net usable_space [97.6gb], net total_space [232.6gb], spins? [unknown], types [hfs]
[2017-02-02T16:31:53,017][INFO ][o.e.e.NodeEnvironment    ] [auIaayq] heap size [1.9gb], compressed ordinary object pointers [true]
[2017-02-02T16:31:53,032][INFO ][o.e.n.Node               ] node name [auIaayq] derived from node ID [auIaayqLTaGKL8V_nq5Ubw]; set [node.name] to override
[2017-02-02T16:31:53,034][INFO ][o.e.n.Node               ] version[5.2.0], pid[2453], build[24e05b9/2017-01-24T19:52:35.800Z], OS[Mac OS X/10.11.6/x86_64], JVM[Oracle Corporation/Java HotSpot(TM) 64-Bit Server VM/1.8.0_101/25.101-b13]
[2017-02-02T16:31:54,013][INFO ][o.e.p.PluginsService     ] [auIaayq] loaded module [aggs-matrix-stats]
[2017-02-02T16:31:54,013][INFO ][o.e.p.PluginsService     ] [auIaayq] loaded module [ingest-common]
[2017-02-02T16:31:54,013][INFO ][o.e.p.PluginsService     ] [auIaayq] loaded module [lang-expression]
[2017-02-02T16:31:54,013][INFO ][o.e.p.PluginsService     ] [auIaayq] loaded module [lang-groovy]
[2017-02-02T16:31:54,013][INFO ][o.e.p.PluginsService     ] [auIaayq] loaded module [lang-mustache]
[2017-02-02T16:31:54,013][INFO ][o.e.p.PluginsService     ] [auIaayq] loaded module [lang-painless]
[2017-02-02T16:31:54,014][INFO ][o.e.p.PluginsService     ] [auIaayq] loaded module [percolator]
[2017-02-02T16:31:54,014][INFO ][o.e.p.PluginsService     ] [auIaayq] loaded module [reindex]
[2017-02-02T16:31:54,014][INFO ][o.e.p.PluginsService     ] [auIaayq] loaded module [transport-netty3]
[2017-02-02T16:31:54,014][INFO ][o.e.p.PluginsService     ] [auIaayq] loaded module [transport-netty4]
[2017-02-02T16:31:54,015][INFO ][o.e.p.PluginsService     ] [auIaayq] no plugins loaded
[2017-02-02T16:31:56,683][INFO ][o.e.n.Node               ] initialized
[2017-02-02T16:31:56,684][INFO ][o.e.n.Node               ] [auIaayq] starting ...
[2017-02-02T16:31:56,977][INFO ][o.e.t.TransportService   ] [auIaayq] publish_address {127.0.0.1:9300}, bound_addresses {[fe80::1]:9300}, {[::1]:9300}, {127.0.0.1:9300}
[2017-02-02T16:32:00,065][INFO ][o.e.c.s.ClusterService   ] [auIaayq] new_master {auIaayq}{auIaayqLTaGKL8V_nq5Ubw}{LxE2G8UYRJ-N5QMngYViHA}{127.0.0.1}{127.0.0.1:9300}, reason: zen-disco-elected-as-master ([0] nodes joined)
[2017-02-02T16:32:00,106][INFO ][o.e.h.HttpServer         ] [auIaayq] publish_address {127.0.0.1:9200}, bound_addresses {[fe80::1]:9200}, {[::1]:9200}, {127.0.0.1:9200}
[2017-02-02T16:32:00,107][INFO ][o.e.n.Node               ] [auIaayq] started
[2017-02-02T16:32:00,256][INFO ][o.e.g.GatewayService     ] [auIaayq] recovered [1] indices into cluster_state
[2017-02-02T16:32:00,581][INFO ][o.e.c.r.a.AllocationService] [auIaayq] Cluster health status changed from [RED] to [YELLOW] (reason: [shards started [[randomindex][3]] ...]).
[2017-02-02T16:32:14,010][INFO ][o.e.c.m.MetaDataDeleteIndexService] [auIaayq] [randomindex/Xm62NiGNTwODLPbL44cGkQ] deleting index
[2017-02-02T16:32:14,097][INFO ][o.e.c.m.MetaDataCreateIndexService] [auIaayq] [randomindex] creating index, cause [api], templates [], shards [5]/[1], mappings []
[2017-02-02T16:32:14,207][DEBUG][o.e.a.a.i.m.p.TransportPutMappingAction] [auIaayq] failed to put mappings on indices [[[randomindex/oVFyHqaxRiW4jxDqzMoWfg]]], type [document]
org.elasticsearch.index.mapper.MapperParsingException: Mapping definition for [suggest] has unsupported parameters:  [payloads : true]
	at org.elasticsearch.index.mapper.DocumentMapperParser.checkNoRemainingFields(DocumentMapperParser.java:151) ~[elasticsearch-5.2.0.jar:5.2.0]
	at org.elasticsearch.index.mapper.DocumentMapperParser.checkNoRemainingFields(DocumentMapperParser.java:145) ~[elasticsearch-5.2.0.jar:5.2.0]
	at org.elasticsearch.index.mapper.ObjectMapper$TypeParser.parseProperties(ObjectMapper.java:289) ~[elasticsearch-5.2.0.jar:5.2.0]
	at org.elasticsearch.index.mapper.ObjectMapper$TypeParser.parseObjectOrDocumentTypeProperties(ObjectMapper.java:203) ~[elasticsearch-5.2.0.jar:5.2.0]
	at org.elasticsearch.index.mapper.RootObjectMapper$TypeParser.parse(RootObjectMapper.java:102) ~[elasticsearch-5.2.0.jar:5.2.0]
	at org.elasticsearch.index.mapper.DocumentMapperParser.parse(DocumentMapperParser.java:111) ~[elasticsearch-5.2.0.jar:5.2.0]
	at org.elasticsearch.index.mapper.DocumentMapperParser.parse(DocumentMapperParser.java:91) ~[elasticsearch-5.2.0.jar:5.2.0]
	at org.elasticsearch.index.mapper.MapperService.parse(MapperService.java:602) ~[elasticsearch-5.2.0.jar:5.2.0]
	at org.elasticsearch.cluster.metadata.MetaDataMappingService$PutMappingExecutor.applyRequest(MetaDataMappingService.java:264) ~[elasticsearch-5.2.0.jar:5.2.0]
	at org.elasticsearch.cluster.metadata.MetaDataMappingService$PutMappingExecutor.execute(MetaDataMappingService.java:230) ~[elasticsearch-5.2.0.jar:5.2.0]
	at org.elasticsearch.cluster.service.ClusterService.executeTasks(ClusterService.java:674) ~[elasticsearch-5.2.0.jar:5.2.0]
	at org.elasticsearch.cluster.service.ClusterService.calculateTaskOutputs(ClusterService.java:653) ~[elasticsearch-5.2.0.jar:5.2.0]
	at org.elasticsearch.cluster.service.ClusterService.runTasks(ClusterService.java:612) [elasticsearch-5.2.0.jar:5.2.0]
	at org.elasticsearch.cluster.service.ClusterService$UpdateTask.run(ClusterService.java:1112) [elasticsearch-5.2.0.jar:5.2.0]
	at org.elasticsearch.common.util.concurrent.ThreadContext$ContextPreservingRunnable.run(ThreadContext.java:527) [elasticsearch-5.2.0.jar:5.2.0]
	at org.elasticsearch.common.util.concurrent.PrioritizedEsThreadPoolExecutor$TieBreakingPrioritizedRunnable.runAndClean(PrioritizedEsThreadPoolExecutor.java:238) [elasticsearch-5.2.0.jar:5.2.0]
	at org.elasticsearch.common.util.concurrent.PrioritizedEsThreadPoolExecutor$TieBreakingPrioritizedRunnable.run(PrioritizedEsThreadPoolExecutor.java:201) [elasticsearch-5.2.0.jar:5.2.0]
	at java.util.concurrent.ThreadPoolExecutor.runWorker(ThreadPoolExecutor.java:1142) [?:1.8.0_101]
	at java.util.concurrent.ThreadPoolExecutor$Worker.run(ThreadPoolExecutor.java:617) [?:1.8.0_101]
	at java.lang.Thread.run(Thread.java:745) [?:1.8.0_101]
[2017-02-02T16:32:35,116][INFO ][o.e.n.Node               ] [auIaayq] stopping ...
[2017-02-02T16:32:35,143][INFO ][o.e.n.Node               ] [auIaayq] stopped
[2017-02-02T16:32:35,143][INFO ][o.e.n.Node               ] [auIaayq] closing ...
[2017-02-02T16:32:35,151][INFO ][o.e.n.Node               ] [auIaayq] closed
[2017-02-02T16:32:38,454][INFO ][o.e.n.Node               ] [] initializing ...
[2017-02-02T16:32:38,537][INFO ][o.e.e.NodeEnvironment    ] [auIaayq] using [1] data paths, mounts [[/ (/dev/disk1)]], net usable_space [97.6gb], net total_space [232.6gb], spins? [unknown], types [hfs]
[2017-02-02T16:32:38,537][INFO ][o.e.e.NodeEnvironment    ] [auIaayq] heap size [1.9gb], compressed ordinary object pointers [true]
[2017-02-02T16:32:38,553][INFO ][o.e.n.Node               ] node name [auIaayq] derived from node ID [auIaayqLTaGKL8V_nq5Ubw]; set [node.name] to override
[2017-02-02T16:32:38,555][INFO ][o.e.n.Node               ] version[5.2.0], pid[2474], build[24e05b9/2017-01-24T19:52:35.800Z], OS[Mac OS X/10.11.6/x86_64], JVM[Oracle Corporation/Java HotSpot(TM) 64-Bit Server VM/1.8.0_101/25.101-b13]
[2017-02-02T16:32:39,555][INFO ][o.e.p.PluginsService     ] [auIaayq] loaded module [aggs-matrix-stats]
[2017-02-02T16:32:39,555][INFO ][o.e.p.PluginsService     ] [auIaayq] loaded module [ingest-common]
[2017-02-02T16:32:39,555][INFO ][o.e.p.PluginsService     ] [auIaayq] loaded module [lang-expression]
[2017-02-02T16:32:39,555][INFO ][o.e.p.PluginsService     ] [auIaayq] loaded module [lang-groovy]
[2017-02-02T16:32:39,555][INFO ][o.e.p.PluginsService     ] [auIaayq] loaded module [lang-mustache]
[2017-02-02T16:32:39,556][INFO ][o.e.p.PluginsService     ] [auIaayq] loaded module [lang-painless]
[2017-02-02T16:32:39,556][INFO ][o.e.p.PluginsService     ] [auIaayq] loaded module [percolator]
[2017-02-02T16:32:39,556][INFO ][o.e.p.PluginsService     ] [auIaayq] loaded module [reindex]
[2017-02-02T16:32:39,556][INFO ][o.e.p.PluginsService     ] [auIaayq] loaded module [transport-netty3]
[2017-02-02T16:32:39,556][INFO ][o.e.p.PluginsService     ] [auIaayq] loaded module [transport-netty4]
[2017-02-02T16:32:39,557][INFO ][o.e.p.PluginsService     ] [auIaayq] no plugins loaded
[2017-02-02T16:32:41,920][INFO ][o.e.n.Node               ] initialized
[2017-02-02T16:32:41,920][INFO ][o.e.n.Node               ] [auIaayq] starting ...
[2017-02-02T16:32:42,140][INFO ][o.e.t.TransportService   ] [auIaayq] publish_address {127.0.0.1:9300}, bound_addresses {[fe80::1]:9300}, {[::1]:9300}, {127.0.0.1:9300}
[2017-02-02T16:32:45,204][INFO ][o.e.c.s.ClusterService   ] [auIaayq] new_master {auIaayq}{auIaayqLTaGKL8V_nq5Ubw}{7KpXgfh5SJa5R4QmKW3c6A}{127.0.0.1}{127.0.0.1:9300}, reason: zen-disco-elected-as-master ([0] nodes joined)
[2017-02-02T16:32:45,239][INFO ][o.e.h.HttpServer         ] [auIaayq] publish_address {127.0.0.1:9200}, bound_addresses {[fe80::1]:9200}, {[::1]:9200}, {127.0.0.1:9200}
[2017-02-02T16:32:45,240][INFO ][o.e.n.Node               ] [auIaayq] started
[2017-02-02T16:32:45,345][INFO ][o.e.g.GatewayService     ] [auIaayq] recovered [1] indices into cluster_state
[2017-02-02T16:32:45,600][INFO ][o.e.c.r.a.AllocationService] [auIaayq] Cluster health status changed from [RED] to [YELLOW] (reason: [shards started [[randomindex][2]] ...]).
[2017-02-02T16:32:46,718][INFO ][o.e.c.m.MetaDataDeleteIndexService] [auIaayq] [randomindex/oVFyHqaxRiW4jxDqzMoWfg] deleting index
[2017-02-02T16:32:46,798][INFO ][o.e.c.m.MetaDataCreateIndexService] [auIaayq] [randomindex] creating index, cause [api], templates [], shards [5]/[1], mappings []
[2017-02-02T16:32:46,934][DEBUG][o.e.a.a.i.m.p.TransportPutMappingAction] [auIaayq] failed to put mappings on indices [[[randomindex/Ch3neLDwQdygf9LuRgFJnA]]], type [document]
org.elasticsearch.index.mapper.MapperParsingException: Mapping definition for [suggest] has unsupported parameters:  [payloads : true]
	at org.elasticsearch.index.mapper.DocumentMapperParser.checkNoRemainingFields(DocumentMapperParser.java:151) ~[elasticsearch-5.2.0.jar:5.2.0]
	at org.elasticsearch.index.mapper.DocumentMapperParser.checkNoRemainingFields(DocumentMapperParser.java:145) ~[elasticsearch-5.2.0.jar:5.2.0]
	at org.elasticsearch.index.mapper.ObjectMapper$TypeParser.parseProperties(ObjectMapper.java:289) ~[elasticsearch-5.2.0.jar:5.2.0]
	at org.elasticsearch.index.mapper.ObjectMapper$TypeParser.parseObjectOrDocumentTypeProperties(ObjectMapper.java:203) ~[elasticsearch-5.2.0.jar:5.2.0]
	at org.elasticsearch.index.mapper.RootObjectMapper$TypeParser.parse(RootObjectMapper.java:102) ~[elasticsearch-5.2.0.jar:5.2.0]
	at org.elasticsearch.index.mapper.DocumentMapperParser.parse(DocumentMapperParser.java:111) ~[elasticsearch-5.2.0.jar:5.2.0]
	at org.elasticsearch.index.mapper.DocumentMapperParser.parse(DocumentMapperParser.java:91) ~[elasticsearch-5.2.0.jar:5.2.0]
	at org.elasticsearch.index.mapper.MapperService.parse(MapperService.java:602) ~[elasticsearch-5.2.0.jar:5.2.0]
	at org.elasticsearch.cluster.metadata.MetaDataMappingService$PutMappingExecutor.applyRequest(MetaDataMappingService.java:264) ~[elasticsearch-5.2.0.jar:5.2.0]
	at org.elasticsearch.cluster.metadata.MetaDataMappingService$PutMappingExecutor.execute(MetaDataMappingService.java:230) ~[elasticsearch-5.2.0.jar:5.2.0]
	at org.elasticsearch.cluster.service.ClusterService.executeTasks(ClusterService.java:674) ~[elasticsearch-5.2.0.jar:5.2.0]
	at org.elasticsearch.cluster.service.ClusterService.calculateTaskOutputs(ClusterService.java:653) ~[elasticsearch-5.2.0.jar:5.2.0]
	at org.elasticsearch.cluster.service.ClusterService.runTasks(ClusterService.java:612) [elasticsearch-5.2.0.jar:5.2.0]
	at org.elasticsearch.cluster.service.ClusterService$UpdateTask.run(ClusterService.java:1112) [elasticsearch-5.2.0.jar:5.2.0]
	at org.elasticsearch.common.util.concurrent.ThreadContext$ContextPreservingRunnable.run(ThreadContext.java:527) [elasticsearch-5.2.0.jar:5.2.0]
	at org.elasticsearch.common.util.concurrent.PrioritizedEsThreadPoolExecutor$TieBreakingPrioritizedRunnable.runAndClean(PrioritizedEsThreadPoolExecutor.java:238) [elasticsearch-5.2.0.jar:5.2.0]
	at org.elasticsearch.common.util.concurrent.PrioritizedEsThreadPoolExecutor$TieBreakingPrioritizedRunnable.run(PrioritizedEsThreadPoolExecutor.java:201) [elasticsearch-5.2.0.jar:5.2.0]
	at java.util.concurrent.ThreadPoolExecutor.runWorker(ThreadPoolExecutor.java:1142) [?:1.8.0_101]
	at java.util.concurrent.ThreadPoolExecutor$Worker.run(ThreadPoolExecutor.java:617) [?:1.8.0_101]
	at java.lang.Thread.run(Thread.java:745) [?:1.8.0_101]
[2017-02-02T16:33:21,918][INFO ][o.e.n.Node               ] [auIaayq] stopping ...
[2017-02-02T16:33:21,943][INFO ][o.e.n.Node               ] [auIaayq] stopped
[2017-02-02T16:33:21,944][INFO ][o.e.n.Node               ] [auIaayq] closing ...
[2017-02-02T16:33:21,952][INFO ][o.e.n.Node               ] [auIaayq] closed
[2017-02-02T16:33:25,005][INFO ][o.e.n.Node               ] [] initializing ...
[2017-02-02T16:33:25,092][INFO ][o.e.e.NodeEnvironment    ] [auIaayq] using [1] data paths, mounts [[/ (/dev/disk1)]], net usable_space [97.6gb], net total_space [232.6gb], spins? [unknown], types [hfs]
[2017-02-02T16:33:25,093][INFO ][o.e.e.NodeEnvironment    ] [auIaayq] heap size [1.9gb], compressed ordinary object pointers [true]
[2017-02-02T16:33:25,109][INFO ][o.e.n.Node               ] node name [auIaayq] derived from node ID [auIaayqLTaGKL8V_nq5Ubw]; set [node.name] to override
[2017-02-02T16:33:25,111][INFO ][o.e.n.Node               ] version[5.2.0], pid[2494], build[24e05b9/2017-01-24T19:52:35.800Z], OS[Mac OS X/10.11.6/x86_64], JVM[Oracle Corporation/Java HotSpot(TM) 64-Bit Server VM/1.8.0_101/25.101-b13]
[2017-02-02T16:33:26,099][INFO ][o.e.p.PluginsService     ] [auIaayq] loaded module [aggs-matrix-stats]
[2017-02-02T16:33:26,099][INFO ][o.e.p.PluginsService     ] [auIaayq] loaded module [ingest-common]
[2017-02-02T16:33:26,099][INFO ][o.e.p.PluginsService     ] [auIaayq] loaded module [lang-expression]
[2017-02-02T16:33:26,099][INFO ][o.e.p.PluginsService     ] [auIaayq] loaded module [lang-groovy]
[2017-02-02T16:33:26,099][INFO ][o.e.p.PluginsService     ] [auIaayq] loaded module [lang-mustache]
[2017-02-02T16:33:26,100][INFO ][o.e.p.PluginsService     ] [auIaayq] loaded module [lang-painless]
[2017-02-02T16:33:26,100][INFO ][o.e.p.PluginsService     ] [auIaayq] loaded module [percolator]
[2017-02-02T16:33:26,100][INFO ][o.e.p.PluginsService     ] [auIaayq] loaded module [reindex]
[2017-02-02T16:33:26,100][INFO ][o.e.p.PluginsService     ] [auIaayq] loaded module [transport-netty3]
[2017-02-02T16:33:26,100][INFO ][o.e.p.PluginsService     ] [auIaayq] loaded module [transport-netty4]
[2017-02-02T16:33:26,101][INFO ][o.e.p.PluginsService     ] [auIaayq] no plugins loaded
[2017-02-02T16:33:28,621][INFO ][o.e.n.Node               ] initialized
[2017-02-02T16:33:28,621][INFO ][o.e.n.Node               ] [auIaayq] starting ...
[2017-02-02T16:33:28,858][INFO ][o.e.t.TransportService   ] [auIaayq] publish_address {127.0.0.1:9300}, bound_addresses {[fe80::1]:9300}, {[::1]:9300}, {127.0.0.1:9300}
[2017-02-02T16:33:31,929][INFO ][o.e.c.s.ClusterService   ] [auIaayq] new_master {auIaayq}{auIaayqLTaGKL8V_nq5Ubw}{JyAlbAt1Tr640yZRzIa94g}{127.0.0.1}{127.0.0.1:9300}, reason: zen-disco-elected-as-master ([0] nodes joined)
[2017-02-02T16:33:31,960][INFO ][o.e.h.HttpServer         ] [auIaayq] publish_address {127.0.0.1:9200}, bound_addresses {[fe80::1]:9200}, {[::1]:9200}, {127.0.0.1:9200}
[2017-02-02T16:33:31,960][INFO ][o.e.n.Node               ] [auIaayq] started
[2017-02-02T16:33:32,078][INFO ][o.e.g.GatewayService     ] [auIaayq] recovered [1] indices into cluster_state
[2017-02-02T16:33:32,347][INFO ][o.e.c.r.a.AllocationService] [auIaayq] Cluster health status changed from [RED] to [YELLOW] (reason: [shards started [[randomindex][3]] ...]).
[2017-02-02T16:36:16,844][INFO ][o.e.n.Node               ] [auIaayq] stopping ...
[2017-02-02T16:36:16,872][INFO ][o.e.n.Node               ] [auIaayq] stopped
[2017-02-02T16:36:16,872][INFO ][o.e.n.Node               ] [auIaayq] closing ...
[2017-02-02T16:36:16,880][INFO ][o.e.n.Node               ] [auIaayq] closed
[2017-02-02T16:38:54,915][INFO ][o.e.n.Node               ] [] initializing ...
[2017-02-02T16:38:55,004][INFO ][o.e.e.NodeEnvironment    ] [auIaayq] using [1] data paths, mounts [[/ (/dev/disk1)]], net usable_space [97.6gb], net total_space [232.6gb], spins? [unknown], types [hfs]
[2017-02-02T16:38:55,004][INFO ][o.e.e.NodeEnvironment    ] [auIaayq] heap size [1.9gb], compressed ordinary object pointers [true]
[2017-02-02T16:38:55,018][INFO ][o.e.n.Node               ] node name [auIaayq] derived from node ID [auIaayqLTaGKL8V_nq5Ubw]; set [node.name] to override
[2017-02-02T16:38:55,020][INFO ][o.e.n.Node               ] version[5.2.0], pid[2525], build[24e05b9/2017-01-24T19:52:35.800Z], OS[Mac OS X/10.11.6/x86_64], JVM[Oracle Corporation/Java HotSpot(TM) 64-Bit Server VM/1.8.0_101/25.101-b13]
[2017-02-02T16:38:56,019][INFO ][o.e.p.PluginsService     ] [auIaayq] loaded module [aggs-matrix-stats]
[2017-02-02T16:38:56,019][INFO ][o.e.p.PluginsService     ] [auIaayq] loaded module [ingest-common]
[2017-02-02T16:38:56,019][INFO ][o.e.p.PluginsService     ] [auIaayq] loaded module [lang-expression]
[2017-02-02T16:38:56,019][INFO ][o.e.p.PluginsService     ] [auIaayq] loaded module [lang-groovy]
[2017-02-02T16:38:56,022][INFO ][o.e.p.PluginsService     ] [auIaayq] loaded module [lang-mustache]
[2017-02-02T16:38:56,022][INFO ][o.e.p.PluginsService     ] [auIaayq] loaded module [lang-painless]
[2017-02-02T16:38:56,022][INFO ][o.e.p.PluginsService     ] [auIaayq] loaded module [percolator]
[2017-02-02T16:38:56,022][INFO ][o.e.p.PluginsService     ] [auIaayq] loaded module [reindex]
[2017-02-02T16:38:56,022][INFO ][o.e.p.PluginsService     ] [auIaayq] loaded module [transport-netty3]
[2017-02-02T16:38:56,023][INFO ][o.e.p.PluginsService     ] [auIaayq] loaded module [transport-netty4]
[2017-02-02T16:38:56,023][INFO ][o.e.p.PluginsService     ] [auIaayq] no plugins loaded
[2017-02-02T16:38:58,427][INFO ][o.e.n.Node               ] initialized
[2017-02-02T16:38:58,427][INFO ][o.e.n.Node               ] [auIaayq] starting ...
[2017-02-02T16:38:58,661][INFO ][o.e.t.TransportService   ] [auIaayq] publish_address {127.0.0.1:9300}, bound_addresses {[fe80::1]:9300}, {[::1]:9300}, {127.0.0.1:9300}
[2017-02-02T16:39:01,731][INFO ][o.e.c.s.ClusterService   ] [auIaayq] new_master {auIaayq}{auIaayqLTaGKL8V_nq5Ubw}{N5BdttcRTEmU02TR-gt3Tg}{127.0.0.1}{127.0.0.1:9300}, reason: zen-disco-elected-as-master ([0] nodes joined)
[2017-02-02T16:39:01,806][INFO ][o.e.h.HttpServer         ] [auIaayq] publish_address {127.0.0.1:9200}, bound_addresses {[fe80::1]:9200}, {[::1]:9200}, {127.0.0.1:9200}
[2017-02-02T16:39:01,806][INFO ][o.e.n.Node               ] [auIaayq] started
[2017-02-02T16:39:01,926][INFO ][o.e.g.GatewayService     ] [auIaayq] recovered [1] indices into cluster_state
[2017-02-02T16:39:02,180][INFO ][o.e.c.r.a.AllocationService] [auIaayq] Cluster health status changed from [RED] to [YELLOW] (reason: [shards started [[randomindex][2]] ...]).
[2017-02-02T16:39:16,862][INFO ][o.e.c.m.MetaDataDeleteIndexService] [auIaayq] [randomindex/Ch3neLDwQdygf9LuRgFJnA] deleting index
[2017-02-02T16:39:16,962][INFO ][o.e.c.m.MetaDataCreateIndexService] [auIaayq] [randomindex] creating index, cause [api], templates [], shards [5]/[1], mappings []
[2017-02-02T16:39:17,100][INFO ][o.e.c.m.MetaDataMappingService] [auIaayq] [randomindex/RtrB-A_FTcmui7tIqXfPLw] create_mapping [document]
[2017-02-02T16:40:44,965][INFO ][o.e.n.Node               ] [auIaayq] stopping ...
[2017-02-02T16:40:44,994][INFO ][o.e.n.Node               ] [auIaayq] stopped
[2017-02-02T16:40:44,994][INFO ][o.e.n.Node               ] [auIaayq] closing ...
[2017-02-02T16:40:45,002][INFO ][o.e.n.Node               ] [auIaayq] closed
[2017-02-02T16:40:47,583][INFO ][o.e.n.Node               ] [] initializing ...
[2017-02-02T16:40:47,675][INFO ][o.e.e.NodeEnvironment    ] [auIaayq] using [1] data paths, mounts [[/ (/dev/disk1)]], net usable_space [97.6gb], net total_space [232.6gb], spins? [unknown], types [hfs]
[2017-02-02T16:40:47,676][INFO ][o.e.e.NodeEnvironment    ] [auIaayq] heap size [1.9gb], compressed ordinary object pointers [true]
[2017-02-02T16:40:47,693][INFO ][o.e.n.Node               ] node name [auIaayq] derived from node ID [auIaayqLTaGKL8V_nq5Ubw]; set [node.name] to override
[2017-02-02T16:40:47,695][INFO ][o.e.n.Node               ] version[5.2.0], pid[2558], build[24e05b9/2017-01-24T19:52:35.800Z], OS[Mac OS X/10.11.6/x86_64], JVM[Oracle Corporation/Java HotSpot(TM) 64-Bit Server VM/1.8.0_101/25.101-b13]
[2017-02-02T16:40:48,661][INFO ][o.e.p.PluginsService     ] [auIaayq] loaded module [aggs-matrix-stats]
[2017-02-02T16:40:48,662][INFO ][o.e.p.PluginsService     ] [auIaayq] loaded module [ingest-common]
[2017-02-02T16:40:48,662][INFO ][o.e.p.PluginsService     ] [auIaayq] loaded module [lang-expression]
[2017-02-02T16:40:48,662][INFO ][o.e.p.PluginsService     ] [auIaayq] loaded module [lang-groovy]
[2017-02-02T16:40:48,662][INFO ][o.e.p.PluginsService     ] [auIaayq] loaded module [lang-mustache]
[2017-02-02T16:40:48,662][INFO ][o.e.p.PluginsService     ] [auIaayq] loaded module [lang-painless]
[2017-02-02T16:40:48,663][INFO ][o.e.p.PluginsService     ] [auIaayq] loaded module [percolator]
[2017-02-02T16:40:48,663][INFO ][o.e.p.PluginsService     ] [auIaayq] loaded module [reindex]
[2017-02-02T16:40:48,663][INFO ][o.e.p.PluginsService     ] [auIaayq] loaded module [transport-netty3]
[2017-02-02T16:40:48,663][INFO ][o.e.p.PluginsService     ] [auIaayq] loaded module [transport-netty4]
[2017-02-02T16:40:48,664][INFO ][o.e.p.PluginsService     ] [auIaayq] no plugins loaded
[2017-02-02T16:40:51,001][INFO ][o.e.n.Node               ] initialized
[2017-02-02T16:40:51,002][INFO ][o.e.n.Node               ] [auIaayq] starting ...
[2017-02-02T16:40:51,262][INFO ][o.e.t.TransportService   ] [auIaayq] publish_address {127.0.0.1:9300}, bound_addresses {[fe80::1]:9300}, {[::1]:9300}, {127.0.0.1:9300}
[2017-02-02T16:40:54,337][INFO ][o.e.c.s.ClusterService   ] [auIaayq] new_master {auIaayq}{auIaayqLTaGKL8V_nq5Ubw}{Qy7CagjkRr23X0tFkXj31Q}{127.0.0.1}{127.0.0.1:9300}, reason: zen-disco-elected-as-master ([0] nodes joined)
[2017-02-02T16:40:54,397][INFO ][o.e.h.HttpServer         ] [auIaayq] publish_address {127.0.0.1:9200}, bound_addresses {[fe80::1]:9200}, {[::1]:9200}, {127.0.0.1:9200}
[2017-02-02T16:40:54,397][INFO ][o.e.n.Node               ] [auIaayq] started
[2017-02-02T16:40:54,564][INFO ][o.e.g.GatewayService     ] [auIaayq] recovered [1] indices into cluster_state
[2017-02-02T16:40:54,875][INFO ][o.e.c.r.a.AllocationService] [auIaayq] Cluster health status changed from [RED] to [YELLOW] (reason: [shards started [[randomindex][3]] ...]).
[2017-02-02T16:40:57,239][INFO ][o.e.c.m.MetaDataDeleteIndexService] [auIaayq] [randomindex/RtrB-A_FTcmui7tIqXfPLw] deleting index
[2017-02-02T16:40:57,332][INFO ][o.e.c.m.MetaDataCreateIndexService] [auIaayq] [randomindex] creating index, cause [api], templates [], shards [5]/[1], mappings []
[2017-02-02T16:40:57,433][INFO ][o.e.c.m.MetaDataMappingService] [auIaayq] [randomindex/dwrY4MpMQb2Gm0O44_HJ4Q] create_mapping [document]
[2017-02-02T16:46:29,858][INFO ][o.e.n.Node               ] [auIaayq] stopping ...
[2017-02-02T16:46:29,883][INFO ][o.e.n.Node               ] [auIaayq] stopped
[2017-02-02T16:46:29,883][INFO ][o.e.n.Node               ] [auIaayq] closing ...
[2017-02-02T16:46:29,892][INFO ][o.e.n.Node               ] [auIaayq] closed
[2017-02-02T16:48:22,641][INFO ][o.e.n.Node               ] [] initializing ...
[2017-02-02T16:48:22,731][INFO ][o.e.e.NodeEnvironment    ] [auIaayq] using [1] data paths, mounts [[/ (/dev/disk1)]], net usable_space [97.6gb], net total_space [232.6gb], spins? [unknown], types [hfs]
[2017-02-02T16:48:22,732][INFO ][o.e.e.NodeEnvironment    ] [auIaayq] heap size [1.9gb], compressed ordinary object pointers [true]
[2017-02-02T16:48:22,746][INFO ][o.e.n.Node               ] node name [auIaayq] derived from node ID [auIaayqLTaGKL8V_nq5Ubw]; set [node.name] to override
[2017-02-02T16:48:22,748][INFO ][o.e.n.Node               ] version[5.2.0], pid[2585], build[24e05b9/2017-01-24T19:52:35.800Z], OS[Mac OS X/10.11.6/x86_64], JVM[Oracle Corporation/Java HotSpot(TM) 64-Bit Server VM/1.8.0_101/25.101-b13]
[2017-02-02T16:48:23,741][INFO ][o.e.p.PluginsService     ] [auIaayq] loaded module [aggs-matrix-stats]
[2017-02-02T16:48:23,742][INFO ][o.e.p.PluginsService     ] [auIaayq] loaded module [ingest-common]
[2017-02-02T16:48:23,742][INFO ][o.e.p.PluginsService     ] [auIaayq] loaded module [lang-expression]
[2017-02-02T16:48:23,742][INFO ][o.e.p.PluginsService     ] [auIaayq] loaded module [lang-groovy]
[2017-02-02T16:48:23,742][INFO ][o.e.p.PluginsService     ] [auIaayq] loaded module [lang-mustache]
[2017-02-02T16:48:23,743][INFO ][o.e.p.PluginsService     ] [auIaayq] loaded module [lang-painless]
[2017-02-02T16:48:23,743][INFO ][o.e.p.PluginsService     ] [auIaayq] loaded module [percolator]
[2017-02-02T16:48:23,743][INFO ][o.e.p.PluginsService     ] [auIaayq] loaded module [reindex]
[2017-02-02T16:48:23,744][INFO ][o.e.p.PluginsService     ] [auIaayq] loaded module [transport-netty3]
[2017-02-02T16:48:23,744][INFO ][o.e.p.PluginsService     ] [auIaayq] loaded module [transport-netty4]
[2017-02-02T16:48:23,744][INFO ][o.e.p.PluginsService     ] [auIaayq] no plugins loaded
[2017-02-02T16:48:26,292][INFO ][o.e.n.Node               ] initialized
[2017-02-02T16:48:26,293][INFO ][o.e.n.Node               ] [auIaayq] starting ...
[2017-02-02T16:48:26,560][INFO ][o.e.t.TransportService   ] [auIaayq] publish_address {127.0.0.1:9300}, bound_addresses {[fe80::1]:9300}, {[::1]:9300}, {127.0.0.1:9300}
[2017-02-02T16:48:29,642][INFO ][o.e.c.s.ClusterService   ] [auIaayq] new_master {auIaayq}{auIaayqLTaGKL8V_nq5Ubw}{vYe8GpvwR1mD2RK-BylMVw}{127.0.0.1}{127.0.0.1:9300}, reason: zen-disco-elected-as-master ([0] nodes joined)
[2017-02-02T16:48:29,747][INFO ][o.e.h.HttpServer         ] [auIaayq] publish_address {127.0.0.1:9200}, bound_addresses {[fe80::1]:9200}, {[::1]:9200}, {127.0.0.1:9200}
[2017-02-02T16:48:29,747][INFO ][o.e.n.Node               ] [auIaayq] started
[2017-02-02T16:48:29,937][INFO ][o.e.g.GatewayService     ] [auIaayq] recovered [1] indices into cluster_state
[2017-02-02T16:48:30,249][INFO ][o.e.c.r.a.AllocationService] [auIaayq] Cluster health status changed from [RED] to [YELLOW] (reason: [shards started [[randomindex][2]] ...]).
[2017-02-02T16:48:35,806][INFO ][o.e.c.m.MetaDataDeleteIndexService] [auIaayq] [randomindex/dwrY4MpMQb2Gm0O44_HJ4Q] deleting index
[2017-02-02T16:48:35,891][INFO ][o.e.c.m.MetaDataCreateIndexService] [auIaayq] [randomindex] creating index, cause [api], templates [], shards [5]/[1], mappings []
[2017-02-02T16:48:35,993][INFO ][o.e.c.m.MetaDataMappingService] [auIaayq] [randomindex/BYijSFCyQOGxxUP4gpuWdA] create_mapping [document]
[2017-02-02T17:02:07,084][INFO ][o.e.n.Node               ] [auIaayq] stopping ...
[2017-02-02T17:02:07,109][INFO ][o.e.n.Node               ] [auIaayq] stopped
[2017-02-02T17:02:07,109][INFO ][o.e.n.Node               ] [auIaayq] closing ...
[2017-02-02T17:02:07,119][INFO ][o.e.n.Node               ] [auIaayq] closed
[2017-02-02T17:02:12,740][INFO ][o.e.n.Node               ] [] initializing ...
[2017-02-02T17:02:12,829][INFO ][o.e.e.NodeEnvironment    ] [auIaayq] using [1] data paths, mounts [[/ (/dev/disk1)]], net usable_space [97.6gb], net total_space [232.6gb], spins? [unknown], types [hfs]
[2017-02-02T17:02:12,830][INFO ][o.e.e.NodeEnvironment    ] [auIaayq] heap size [1.9gb], compressed ordinary object pointers [true]
[2017-02-02T17:02:12,847][INFO ][o.e.n.Node               ] node name [auIaayq] derived from node ID [auIaayqLTaGKL8V_nq5Ubw]; set [node.name] to override
[2017-02-02T17:02:12,849][INFO ][o.e.n.Node               ] version[5.2.0], pid[2622], build[24e05b9/2017-01-24T19:52:35.800Z], OS[Mac OS X/10.11.6/x86_64], JVM[Oracle Corporation/Java HotSpot(TM) 64-Bit Server VM/1.8.0_101/25.101-b13]
[2017-02-02T17:02:13,982][INFO ][o.e.p.PluginsService     ] [auIaayq] loaded module [aggs-matrix-stats]
[2017-02-02T17:02:13,983][INFO ][o.e.p.PluginsService     ] [auIaayq] loaded module [ingest-common]
[2017-02-02T17:02:13,983][INFO ][o.e.p.PluginsService     ] [auIaayq] loaded module [lang-expression]
[2017-02-02T17:02:13,983][INFO ][o.e.p.PluginsService     ] [auIaayq] loaded module [lang-groovy]
[2017-02-02T17:02:13,984][INFO ][o.e.p.PluginsService     ] [auIaayq] loaded module [lang-mustache]
[2017-02-02T17:02:13,984][INFO ][o.e.p.PluginsService     ] [auIaayq] loaded module [lang-painless]
[2017-02-02T17:02:13,984][INFO ][o.e.p.PluginsService     ] [auIaayq] loaded module [percolator]
[2017-02-02T17:02:13,984][INFO ][o.e.p.PluginsService     ] [auIaayq] loaded module [reindex]
[2017-02-02T17:02:13,985][INFO ][o.e.p.PluginsService     ] [auIaayq] loaded module [transport-netty3]
[2017-02-02T17:02:13,985][INFO ][o.e.p.PluginsService     ] [auIaayq] loaded module [transport-netty4]
[2017-02-02T17:02:13,986][INFO ][o.e.p.PluginsService     ] [auIaayq] no plugins loaded
[2017-02-02T17:02:16,790][INFO ][o.e.n.Node               ] initialized
[2017-02-02T17:02:16,791][INFO ][o.e.n.Node               ] [auIaayq] starting ...
[2017-02-02T17:02:17,122][INFO ][o.e.t.TransportService   ] [auIaayq] publish_address {127.0.0.1:9300}, bound_addresses {[fe80::1]:9300}, {[::1]:9300}, {127.0.0.1:9300}
[2017-02-02T17:02:20,210][INFO ][o.e.c.s.ClusterService   ] [auIaayq] new_master {auIaayq}{auIaayqLTaGKL8V_nq5Ubw}{tuE-2VAYSI-bO5kBqd9LUg}{127.0.0.1}{127.0.0.1:9300}, reason: zen-disco-elected-as-master ([0] nodes joined)
[2017-02-02T17:02:20,278][INFO ][o.e.h.HttpServer         ] [auIaayq] publish_address {127.0.0.1:9200}, bound_addresses {[fe80::1]:9200}, {[::1]:9200}, {127.0.0.1:9200}
[2017-02-02T17:02:20,278][INFO ][o.e.n.Node               ] [auIaayq] started
[2017-02-02T17:02:20,466][INFO ][o.e.g.GatewayService     ] [auIaayq] recovered [1] indices into cluster_state
[2017-02-02T17:02:20,824][INFO ][o.e.c.r.a.AllocationService] [auIaayq] Cluster health status changed from [RED] to [YELLOW] (reason: [shards started [[randomindex][3]] ...]).
[2017-02-02T17:02:35,488][INFO ][o.e.c.m.MetaDataDeleteIndexService] [auIaayq] [randomindex/BYijSFCyQOGxxUP4gpuWdA] deleting index
[2017-02-02T17:02:35,575][INFO ][o.e.c.m.MetaDataCreateIndexService] [auIaayq] [randomindex] creating index, cause [api], templates [], shards [5]/[1], mappings []
[2017-02-02T17:02:35,667][INFO ][o.e.c.m.MetaDataMappingService] [auIaayq] [randomindex/QU2cGFkpSrmxHobz6uJKHw] create_mapping [document]
[2017-02-02T17:04:23,273][INFO ][o.e.n.Node               ] [auIaayq] stopping ...
[2017-02-02T17:04:23,300][INFO ][o.e.n.Node               ] [auIaayq] stopped
[2017-02-02T17:04:23,300][INFO ][o.e.n.Node               ] [auIaayq] closing ...
[2017-02-02T17:04:23,310][INFO ][o.e.n.Node               ] [auIaayq] closed
[2017-02-02T17:07:51,294][INFO ][o.e.n.Node               ] [] initializing ...
[2017-02-02T17:07:51,391][INFO ][o.e.e.NodeEnvironment    ] [auIaayq] using [1] data paths, mounts [[/ (/dev/disk1)]], net usable_space [97.6gb], net total_space [232.6gb], spins? [unknown], types [hfs]
[2017-02-02T17:07:51,391][INFO ][o.e.e.NodeEnvironment    ] [auIaayq] heap size [1.9gb], compressed ordinary object pointers [true]
[2017-02-02T17:07:51,406][INFO ][o.e.n.Node               ] node name [auIaayq] derived from node ID [auIaayqLTaGKL8V_nq5Ubw]; set [node.name] to override
[2017-02-02T17:07:51,408][INFO ][o.e.n.Node               ] version[5.2.0], pid[2649], build[24e05b9/2017-01-24T19:52:35.800Z], OS[Mac OS X/10.11.6/x86_64], JVM[Oracle Corporation/Java HotSpot(TM) 64-Bit Server VM/1.8.0_101/25.101-b13]
[2017-02-02T17:07:52,349][INFO ][o.e.p.PluginsService     ] [auIaayq] loaded module [aggs-matrix-stats]
[2017-02-02T17:07:52,349][INFO ][o.e.p.PluginsService     ] [auIaayq] loaded module [ingest-common]
[2017-02-02T17:07:52,349][INFO ][o.e.p.PluginsService     ] [auIaayq] loaded module [lang-expression]
[2017-02-02T17:07:52,350][INFO ][o.e.p.PluginsService     ] [auIaayq] loaded module [lang-groovy]
[2017-02-02T17:07:52,350][INFO ][o.e.p.PluginsService     ] [auIaayq] loaded module [lang-mustache]
[2017-02-02T17:07:52,350][INFO ][o.e.p.PluginsService     ] [auIaayq] loaded module [lang-painless]
[2017-02-02T17:07:52,350][INFO ][o.e.p.PluginsService     ] [auIaayq] loaded module [percolator]
[2017-02-02T17:07:52,351][INFO ][o.e.p.PluginsService     ] [auIaayq] loaded module [reindex]
[2017-02-02T17:07:52,351][INFO ][o.e.p.PluginsService     ] [auIaayq] loaded module [transport-netty3]
[2017-02-02T17:07:52,351][INFO ][o.e.p.PluginsService     ] [auIaayq] loaded module [transport-netty4]
[2017-02-02T17:07:52,352][INFO ][o.e.p.PluginsService     ] [auIaayq] no plugins loaded
[2017-02-02T17:07:54,917][INFO ][o.e.n.Node               ] initialized
[2017-02-02T17:07:54,917][INFO ][o.e.n.Node               ] [auIaayq] starting ...
[2017-02-02T17:07:55,136][INFO ][o.e.t.TransportService   ] [auIaayq] publish_address {127.0.0.1:9300}, bound_addresses {[fe80::1]:9300}, {[::1]:9300}, {127.0.0.1:9300}
[2017-02-02T17:07:58,201][INFO ][o.e.c.s.ClusterService   ] [auIaayq] new_master {auIaayq}{auIaayqLTaGKL8V_nq5Ubw}{GXsfvh3NQy-TYDaA3PPLhQ}{127.0.0.1}{127.0.0.1:9300}, reason: zen-disco-elected-as-master ([0] nodes joined)
[2017-02-02T17:07:58,325][INFO ][o.e.h.HttpServer         ] [auIaayq] publish_address {127.0.0.1:9200}, bound_addresses {[fe80::1]:9200}, {[::1]:9200}, {127.0.0.1:9200}
[2017-02-02T17:07:58,325][INFO ][o.e.n.Node               ] [auIaayq] started
[2017-02-02T17:07:58,499][INFO ][o.e.g.GatewayService     ] [auIaayq] recovered [1] indices into cluster_state
[2017-02-02T17:07:58,824][INFO ][o.e.c.r.a.AllocationService] [auIaayq] Cluster health status changed from [RED] to [YELLOW] (reason: [shards started [[randomindex][4]] ...]).
[2017-02-02T17:07:59,346][INFO ][o.e.c.m.MetaDataDeleteIndexService] [auIaayq] [randomindex/QU2cGFkpSrmxHobz6uJKHw] deleting index
[2017-02-02T17:07:59,464][INFO ][o.e.c.m.MetaDataCreateIndexService] [auIaayq] [randomindex] creating index, cause [api], templates [], shards [5]/[1], mappings []
[2017-02-02T17:07:59,703][INFO ][o.e.c.m.MetaDataMappingService] [auIaayq] [randomindex/9i8UyN8rTeGz4jE84AfXqg] create_mapping [document]
[2017-02-02T17:09:11,835][INFO ][o.e.n.Node               ] [auIaayq] stopping ...
[2017-02-02T17:09:11,861][INFO ][o.e.n.Node               ] [auIaayq] stopped
[2017-02-02T17:09:11,861][INFO ][o.e.n.Node               ] [auIaayq] closing ...
[2017-02-02T17:09:11,872][INFO ][o.e.n.Node               ] [auIaayq] closed
[2017-02-02T17:09:15,112][INFO ][o.e.n.Node               ] [] initializing ...
[2017-02-02T17:09:15,214][INFO ][o.e.e.NodeEnvironment    ] [auIaayq] using [1] data paths, mounts [[/ (/dev/disk1)]], net usable_space [97.6gb], net total_space [232.6gb], spins? [unknown], types [hfs]
[2017-02-02T17:09:15,215][INFO ][o.e.e.NodeEnvironment    ] [auIaayq] heap size [1.9gb], compressed ordinary object pointers [true]
[2017-02-02T17:09:15,242][INFO ][o.e.n.Node               ] node name [auIaayq] derived from node ID [auIaayqLTaGKL8V_nq5Ubw]; set [node.name] to override
[2017-02-02T17:09:15,245][INFO ][o.e.n.Node               ] version[5.2.0], pid[2670], build[24e05b9/2017-01-24T19:52:35.800Z], OS[Mac OS X/10.11.6/x86_64], JVM[Oracle Corporation/Java HotSpot(TM) 64-Bit Server VM/1.8.0_101/25.101-b13]
[2017-02-02T17:09:16,393][INFO ][o.e.p.PluginsService     ] [auIaayq] loaded module [aggs-matrix-stats]
[2017-02-02T17:09:16,393][INFO ][o.e.p.PluginsService     ] [auIaayq] loaded module [ingest-common]
[2017-02-02T17:09:16,393][INFO ][o.e.p.PluginsService     ] [auIaayq] loaded module [lang-expression]
[2017-02-02T17:09:16,394][INFO ][o.e.p.PluginsService     ] [auIaayq] loaded module [lang-groovy]
[2017-02-02T17:09:16,394][INFO ][o.e.p.PluginsService     ] [auIaayq] loaded module [lang-mustache]
[2017-02-02T17:09:16,394][INFO ][o.e.p.PluginsService     ] [auIaayq] loaded module [lang-painless]
[2017-02-02T17:09:16,395][INFO ][o.e.p.PluginsService     ] [auIaayq] loaded module [percolator]
[2017-02-02T17:09:16,395][INFO ][o.e.p.PluginsService     ] [auIaayq] loaded module [reindex]
[2017-02-02T17:09:16,395][INFO ][o.e.p.PluginsService     ] [auIaayq] loaded module [transport-netty3]
[2017-02-02T17:09:16,395][INFO ][o.e.p.PluginsService     ] [auIaayq] loaded module [transport-netty4]
[2017-02-02T17:09:16,396][INFO ][o.e.p.PluginsService     ] [auIaayq] no plugins loaded
[2017-02-02T17:09:18,694][INFO ][o.e.n.Node               ] initialized
[2017-02-02T17:09:18,694][INFO ][o.e.n.Node               ] [auIaayq] starting ...
[2017-02-02T17:09:18,926][INFO ][o.e.t.TransportService   ] [auIaayq] publish_address {127.0.0.1:9300}, bound_addresses {[fe80::1]:9300}, {[::1]:9300}, {127.0.0.1:9300}
[2017-02-02T17:09:21,998][INFO ][o.e.c.s.ClusterService   ] [auIaayq] new_master {auIaayq}{auIaayqLTaGKL8V_nq5Ubw}{_xSaQTNzR7GaBjU6DIpaLw}{127.0.0.1}{127.0.0.1:9300}, reason: zen-disco-elected-as-master ([0] nodes joined)
[2017-02-02T17:09:22,055][INFO ][o.e.h.HttpServer         ] [auIaayq] publish_address {127.0.0.1:9200}, bound_addresses {[fe80::1]:9200}, {[::1]:9200}, {127.0.0.1:9200}
[2017-02-02T17:09:22,056][INFO ][o.e.n.Node               ] [auIaayq] started
[2017-02-02T17:09:22,207][INFO ][o.e.g.GatewayService     ] [auIaayq] recovered [1] indices into cluster_state
[2017-02-02T17:09:22,482][INFO ][o.e.c.r.a.AllocationService] [auIaayq] Cluster health status changed from [RED] to [YELLOW] (reason: [shards started [[randomindex][3]] ...]).
[2017-02-02T17:09:24,753][INFO ][o.e.c.m.MetaDataDeleteIndexService] [auIaayq] [randomindex/9i8UyN8rTeGz4jE84AfXqg] deleting index
[2017-02-02T17:09:24,835][INFO ][o.e.c.m.MetaDataCreateIndexService] [auIaayq] [randomindex] creating index, cause [api], templates [], shards [5]/[1], mappings []
[2017-02-02T17:09:24,930][INFO ][o.e.c.m.MetaDataMappingService] [auIaayq] [randomindex/3QYJA57vTEOszea-HQAJdA] create_mapping [document]
[2017-02-02T17:09:50,847][INFO ][o.e.c.m.MetaDataDeleteIndexService] [auIaayq] [randomindex/3QYJA57vTEOszea-HQAJdA] deleting index
[2017-02-02T17:09:50,889][INFO ][o.e.c.m.MetaDataCreateIndexService] [auIaayq] [randomindex] creating index, cause [api], templates [], shards [5]/[1], mappings []
[2017-02-02T17:09:50,964][INFO ][o.e.c.m.MetaDataMappingService] [auIaayq] [randomindex/YPju3hvwTvi0cUYurU9WYg] create_mapping [document]
[2017-02-02T17:10:05,306][INFO ][o.e.c.m.MetaDataDeleteIndexService] [auIaayq] [randomindex/YPju3hvwTvi0cUYurU9WYg] deleting index
[2017-02-02T17:10:05,353][INFO ][o.e.c.m.MetaDataCreateIndexService] [auIaayq] [randomindex] creating index, cause [api], templates [], shards [5]/[1], mappings []
[2017-02-02T17:10:05,428][INFO ][o.e.c.m.MetaDataMappingService] [auIaayq] [randomindex/YJZWPN2-RiWyspmubUmHJA] create_mapping [document]
[2017-02-02T17:17:59,438][INFO ][o.e.n.Node               ] [auIaayq] stopping ...
[2017-02-02T17:17:59,465][INFO ][o.e.n.Node               ] [auIaayq] stopped
[2017-02-02T17:17:59,465][INFO ][o.e.n.Node               ] [auIaayq] closing ...
[2017-02-02T17:17:59,473][INFO ][o.e.n.Node               ] [auIaayq] closed
